[15:57:17] [main/WARN]: Ambiguity between arguments [teleport, destination] and [teleport, targets] with inputs: [Player, 0123, @e, dd12be42-52a9-4a91-a8a1-11c01849e498]
[15:57:17] [main/WARN]: Ambiguity between arguments [teleport, location] and [teleport, destination] with inputs: [0.1 -0.5 .9, 0 0 0]
[15:57:17] [main/WARN]: Ambiguity between arguments [teleport, location] and [teleport, targets] with inputs: [0.1 -0.5 .9, 0 0 0]
[15:57:17] [main/WARN]: Ambiguity between arguments [teleport, targets] and [teleport, destination] with inputs: [Player, 0123, dd12be42-52a9-4a91-a8a1-11c01849e498]
[15:57:17] [main/WARN]: Ambiguity between arguments [teleport, targets, location] and [teleport, targets, destination] with inputs: [0.1 -0.5 .9, 0 0 0]
[15:57:17] [Server thread/INFO]: Starting minecraft server version 1.15
[15:57:17] [Server thread/INFO]: Loading properties
[15:57:17] [Server thread/INFO]: Default game type: SURVIVAL
[15:57:17] [Server thread/INFO]: Generating keypair
[15:57:18] [Server thread/INFO]: Starting Minecraft server on *:25565
[15:57:18] [Server thread/INFO]: Using default channel type
[15:57:18] [Server thread/WARN]: **** FAILED TO BIND TO PORT!
[15:57:18] [Server thread/WARN]: The exception was: java.net.BindException: Address already in use: bind
[15:57:18] [Server thread/WARN]: Perhaps a server is already running on that port?
[15:57:18] [Server thread/INFO]: Stopping server
[15:57:18] [Server thread/INFO]: Saving worlds
[15:57:18] [Server thread/ERROR]: Exception stopping the server
java.lang.NullPointerException: null
	at net.minecraft.server.MinecraftServer.a(SourceFile:558) ~[minecraft_server.1.15.jar:?]
	at net.minecraft.server.MinecraftServer.r(SourceFile:586) ~[minecraft_server.1.15.jar:?]
	at wd.r(SourceFile:593) ~[minecraft_server.1.15.jar:?]
	at net.minecraft.server.MinecraftServer.run(SourceFile:688) [minecraft_server.1.15.jar:?]
	at java.lang.Thread.run(Unknown Source) [?:?]
