[15:56:59] [main/WARN]: Ambiguity between arguments [teleport, location] and [teleport, destination] with inputs: [0.1 -0.5 .9, 0 0 0]
[15:56:59] [main/WARN]: Ambiguity between arguments [teleport, location] and [teleport, targets] with inputs: [0.1 -0.5 .9, 0 0 0]
[15:56:59] [main/WARN]: Ambiguity between arguments [teleport, targets] and [teleport, destination] with inputs: [Player, 0123, dd12be42-52a9-4a91-a8a1-11c01849e498]
[15:56:59] [main/WARN]: Ambiguity between arguments [teleport, targets, location] and [teleport, targets, destination] with inputs: [0.1 -0.5 .9, 0 0 0]
[15:56:59] [Server thread/INFO]: Starting minecraft server version 1.15
[15:56:59] [Server thread/INFO]: Loading properties
[15:56:59] [Server thread/INFO]: Default game type: SURVIVAL
[15:56:59] [Server thread/INFO]: Generating keypair
[15:56:59] [Server console handler/ERROR]: Exception handling console input
java.io.IOException: The handle is invalid
	at java.io.FileInputStream.readBytes(Native Method) ~[?:?]
	at java.io.FileInputStream.read(Unknown Source) ~[?:?]
	at java.io.BufferedInputStream.read1(Unknown Source) ~[?:?]
	at java.io.BufferedInputStream.read(Unknown Source) ~[?:?]
	at sun.nio.cs.StreamDecoder.readBytes(Unknown Source) ~[?:?]
	at sun.nio.cs.StreamDecoder.implRead(Unknown Source) ~[?:?]
	at sun.nio.cs.StreamDecoder.read(Unknown Source) ~[?:?]
	at java.io.InputStreamReader.read(Unknown Source) ~[?:?]
	at java.io.BufferedReader.fill(Unknown Source) ~[?:?]
	at java.io.BufferedReader.readLine(Unknown Source) ~[?:?]
	at java.io.BufferedReader.readLine(Unknown Source) ~[?:?]
	at wd$2.run(SourceFile:109) [minecraft_server.1.15.jar:?]
[15:56:59] [Server thread/INFO]: Starting Minecraft server on *:25565
[15:56:59] [Server thread/INFO]: Using default channel type
[15:57:00] [Server thread/INFO]: Preparing level "world"
[15:57:00] [Server thread/INFO]: Reloading ResourceManager: Default
[15:57:01] [Server thread/INFO]: Loaded 6 recipes
[15:57:01] [Server thread/INFO]: Loaded 825 advancements
[15:57:03] [Server thread/INFO]: Preparing start region for dimension minecraft:overworld
[15:57:04] [Server thread/INFO]: Preparing spawn area: 0%
[15:57:04] [Server thread/INFO]: Preparing spawn area: 0%
[15:57:04] [Server thread/INFO]: Preparing spawn area: 0%
[15:57:05] [Server thread/INFO]: Preparing spawn area: 41%
[15:57:06] [Server thread/INFO]: Time elapsed: 2584 ms
[15:57:06] [Server thread/INFO]: Done (5.861s)! For help, type "help"
