[18:13:42] [main/WARN]: Ambiguity between arguments [teleport, destination] and [teleport, targets] with inputs: [Player, 0123, @e, dd12be42-52a9-4a91-a8a1-11c01849e498]
[18:13:42] [main/WARN]: Ambiguity between arguments [teleport, location] and [teleport, destination] with inputs: [0.1 -0.5 .9, 0 0 0]
[18:13:42] [main/WARN]: Ambiguity between arguments [teleport, location] and [teleport, targets] with inputs: [0.1 -0.5 .9, 0 0 0]
[18:13:42] [main/WARN]: Ambiguity between arguments [teleport, targets] and [teleport, destination] with inputs: [Player, 0123, dd12be42-52a9-4a91-a8a1-11c01849e498]
[18:13:42] [main/WARN]: Ambiguity between arguments [teleport, targets, location] and [teleport, targets, destination] with inputs: [0.1 -0.5 .9, 0 0 0]
[18:13:42] [Server thread/INFO]: Starting minecraft server version 1.15.1
[18:13:42] [Server thread/INFO]: Loading properties
[18:13:42] [Server thread/INFO]: Default game type: SURVIVAL
[18:13:42] [Server thread/INFO]: Generating keypair
[18:13:43] [Server thread/INFO]: Starting Minecraft server on *:25565
[18:13:43] [Server thread/INFO]: Using epoll channel type
[18:13:43] [Server thread/INFO]: Preparing level "world"
[18:13:44] [Server thread/INFO]: Reloading ResourceManager: Default
[18:14:15] [Server thread/INFO]: Loaded 6 recipes
[18:14:15] [Server thread/INFO]: Loaded 825 advancements
[18:14:15] [Server thread/INFO]: Preparing start region for dimension minecraft:overworld
[18:14:19] [Server thread/INFO]: Preparing spawn area: 0%
[18:14:19] [Server thread/INFO]: Preparing spawn area: 0%
[18:14:19] [Server thread/INFO]: Preparing spawn area: 0%
[18:14:19] [Server thread/INFO]: Preparing spawn area: 0%
[18:14:19] [Server thread/INFO]: Preparing spawn area: 0%
[18:14:19] [Server thread/INFO]: Preparing spawn area: 0%
[18:14:19] [Server thread/INFO]: Preparing spawn area: 0%
[18:14:19] [Server thread/INFO]: Preparing spawn area: 0%
[18:14:20] [Server thread/INFO]: Preparing spawn area: 31%
[18:14:20] [Server thread/INFO]: Time elapsed: 4440 ms
[18:14:20] [Server thread/INFO]: Done (36.543s)! For help, type "help"
[18:20:54] [User Authenticator #1/INFO]: UUID of player Aerosyth is 2cdaac10-445c-41b0-b0ff-941be664f2c9
[18:20:54] [Server thread/INFO]: Aerosyth[/208.63.90.193:50773] logged in with entity id 234 at (-262.50151256544655, 87.0, -77.14197812562911)
[18:20:54] [Server thread/INFO]: Aerosyth joined the game
[18:21:02] [Server thread/INFO]: Aerosyth lost connection: Disconnected
[18:21:02] [Server thread/INFO]: Aerosyth left the game
[19:13:44] [User Authenticator #2/INFO]: UUID of player Warlockami is 7b9a1917-39e7-4d6a-ba97-adadae96cf90
[19:13:44] [Server thread/INFO]: Warlockami[/173.31.253.253:64023] logged in with entity id 407 at (-123.64408853523064, 78.0, 81.17891914910773)
[19:13:44] [Server thread/INFO]: Warlockami joined the game
[19:17:18] [Server thread/INFO]: <Warlockami> test
[19:18:25] [Server thread/WARN]: Mismatch in destroy block pos: fk{x=-276, y=64, z=113} fk{x=-271, y=62, z=107}
[19:18:25] [Server thread/WARN]: Mismatch in destroy block pos: fk{x=-276, y=64, z=113} fk{x=-272, y=62, z=108}
[19:18:25] [Server thread/WARN]: Mismatch in destroy block pos: fk{x=-276, y=64, z=113} fk{x=-271, y=62, z=107}
[19:23:59] [User Authenticator #3/INFO]: UUID of player Jamkski is cb36ffe5-0723-40f0-beb7-d7023af07d60
[19:24:00] [Server thread/INFO]: Jamkski[/208.63.90.44:52448] logged in with entity id 2070 at (-309.700000025332, 72.0000002, 106.29999997466803)
[19:24:00] [Server thread/INFO]: Jamkski joined the game
[19:29:22] [Server thread/WARN]: Warlockami moved too quickly! 9.622674066524645,1.7531999805212024,2.2302164013173638
[19:33:19] [Server thread/WARN]: Warlockami moved wrongly!
[19:34:21] [Server thread/WARN]: Boat (vehicle of Warlockami) moved too quickly! -9.704514108848798,0.0,3.432977990470249
[19:34:21] [Server thread/WARN]: Boat (vehicle of Warlockami) moved too quickly! -10.064906938953243,0.0,3.6016971126070985
[19:34:21] [Server thread/WARN]: Boat (vehicle of Warlockami) moved too quickly! -10.426545578123466,0.0,3.7680295286879755
[19:34:25] [Server thread/WARN]: Warlockami moved wrongly!
[19:39:22] [Server thread/WARN]: Can't keep up! Is the server overloaded? Running 2214ms or 44 ticks behind
[19:42:09] [Server thread/INFO]: <Jamkski> jud get in bed pls
[19:42:18] [Server thread/INFO]: <Warlockami> u in one?
[19:42:33] [Server thread/INFO]: Warlockami lost connection: Disconnected
[19:42:33] [Server thread/INFO]: Warlockami left the game
[19:42:40] [Server thread/INFO]: <Jamkski> well shit
[19:42:52] [User Authenticator #4/INFO]: UUID of player Warlockami is 7b9a1917-39e7-4d6a-ba97-adadae96cf90
[19:42:52] [Server thread/INFO]: Warlockami[/173.31.253.253:64085] logged in with entity id 10430 at (421.69999998807907, 81.0, 1612.300000011921)
[19:42:52] [Server thread/INFO]: Warlockami joined the game
[19:54:16] [User Authenticator #5/INFO]: UUID of player Aerosyth is 2cdaac10-445c-41b0-b0ff-941be664f2c9
[19:54:16] [Server thread/INFO]: Aerosyth[/208.63.90.193:50144] logged in with entity id 14560 at (-262.50151256544655, 87.0, -77.14197812562911)
[19:54:16] [Server thread/INFO]: Aerosyth joined the game
[19:56:57] [Server thread/INFO]: Jamkski has made the advancement [Enchanter]
[19:58:35] [Server thread/INFO]: <Jamkski> i was saying sup nigga
[19:58:51] [Server thread/INFO]: <Aerosyth> yo
[19:59:04] [Server thread/INFO]: <Aerosyth> woops
[19:59:10] [Server thread/INFO]: <Aerosyth> type it again
[19:59:16] [Server thread/INFO]: <Aerosyth> shit was off. Had fullscreen on
[19:59:25] [Server thread/WARN]: Boat (vehicle of Warlockami) moved too quickly! -5.007687116634827,0.0,9.114703373504199
[19:59:25] [Server thread/WARN]: Boat (vehicle of Warlockami) moved too quickly! -5.2001129302778395,0.0,9.465375341103481
[19:59:25] [Server thread/WARN]: Boat (vehicle of Warlockami) moved too quickly! -5.392533093271368,0.0,9.816050608575097
[19:59:25] [Server thread/WARN]: Boat (vehicle of Warlockami) moved too quickly! -5.584948170680548,0.0,10.166728845932084
[19:59:25] [Server thread/WARN]: Boat (vehicle of Warlockami) moved too quickly! -5.777358671063894,0.0,10.51740975618577
[19:59:25] [Server thread/WARN]: Boat (vehicle of Warlockami) moved too quickly! -5.969765052124103,0.0,10.868093072046577
[19:59:25] [Server thread/WARN]: Boat (vehicle of Warlockami) moved too quickly! -6.162167725793552,0.0,11.218778552953609
[19:59:25] [Server thread/WARN]: Boat (vehicle of Warlockami) moved too quickly! -6.354567062811441,0.0,11.569465982402107
[19:59:25] [Server thread/WARN]: Boat (vehicle of Warlockami) moved too quickly! -6.546963396843012,0.0,11.920155165537835
[19:59:25] [Server thread/WARN]: Boat (vehicle of Warlockami) moved too quickly! -6.73935702818693,0.0,12.270845926992024
[19:59:25] [Server thread/WARN]: Boat (vehicle of Warlockami) moved too quickly! -6.9317482271120525,0.0,12.621538108932782
[19:59:25] [Server thread/WARN]: Can't keep up! Is the server overloaded? Running 2841ms or 56 ticks behind
[19:59:25] [Server thread/WARN]: Boat (vehicle of Warlockami) moved too quickly! -5.002189270011513,0.0,9.117986161597855
[19:59:25] [Server thread/WARN]: Boat (vehicle of Warlockami) moved too quickly! -5.19456263375946,0.0,9.468688758945518
[19:59:25] [Server thread/WARN]: Boat (vehicle of Warlockami) moved too quickly! -5.386935591848726,0.0,9.819391593190176
[19:59:25] [Server thread/WARN]: Boat (vehicle of Warlockami) moved too quickly! -5.579308184845161,0.0,10.170094640642219
[19:59:25] [Server thread/WARN]: Boat (vehicle of Warlockami) moved too quickly! -5.771680449258042,0.0,10.520797879980819
[19:59:25] [Server thread/WARN]: Boat (vehicle of Warlockami) moved too quickly! -5.964052417945709,0.0,10.871501292017456
[19:59:56] [Server thread/INFO]: <Aerosyth> was is this tree that wouldn't go away?
[20:00:04] [Server thread/INFO]: <Warlockami> some sugar cane
[20:00:10] [Server thread/INFO]: <Jamkski> it was the sugarcane that you just destroyed
[20:00:15] [Server thread/INFO]: <Aerosyth> oh lol
[20:05:35] [Server thread/WARN]: Warlockami moved wrongly!
[20:08:17] [Server thread/WARN]: Can't keep up! Is the server overloaded? Running 2001ms or 40 ticks behind
[20:08:39] [Server thread/WARN]: Can't keep up! Is the server overloaded? Running 6997ms or 139 ticks behind
[20:08:57] [Server thread/WARN]: Can't keep up! Is the server overloaded? Running 2004ms or 40 ticks behind
[20:09:13] [Server thread/WARN]: Warlockami moved wrongly!
[20:09:41] [Server thread/INFO]: Aerosyth lost connection: Disconnected
[20:09:41] [Server thread/INFO]: Aerosyth left the game
[20:12:57] [Server thread/WARN]: Warlockami moved wrongly!
[20:15:05] [Server thread/INFO]: Warlockami lost connection: Disconnected
[20:15:05] [Server thread/INFO]: Warlockami left the game
[20:21:21] [User Authenticator #6/INFO]: UUID of player Warlockami is 7b9a1917-39e7-4d6a-ba97-adadae96cf90
[20:21:22] [Server thread/INFO]: Warlockami[/173.31.253.253:64238] logged in with entity id 27065 at (372.73262771472605, 63.0, 3620.2871387253604)
[20:21:22] [Server thread/INFO]: Warlockami joined the game
[20:22:59] [Server thread/WARN]: Warlockami moved wrongly!
[20:23:40] [Server thread/WARN]: Warlockami moved wrongly!
[20:38:08] [Server thread/WARN]: Can't keep up! Is the server overloaded? Running 2069ms or 41 ticks behind
[20:38:40] [Server thread/WARN]: Can't keep up! Is the server overloaded? Running 2005ms or 40 ticks behind
[20:39:16] [Server thread/WARN]: Can't keep up! Is the server overloaded? Running 2040ms or 40 ticks behind
[20:39:34] [Server thread/WARN]: Can't keep up! Is the server overloaded? Running 3405ms or 68 ticks behind
[20:39:53] [Server thread/WARN]: Can't keep up! Is the server overloaded? Running 3335ms or 66 ticks behind
[20:40:12] [Server thread/WARN]: Can't keep up! Is the server overloaded? Running 4112ms or 82 ticks behind
[20:40:30] [Server thread/WARN]: Can't keep up! Is the server overloaded? Running 3752ms or 75 ticks behind
[20:40:49] [Server thread/WARN]: Can't keep up! Is the server overloaded? Running 3126ms or 62 ticks behind
[20:41:08] [Server thread/WARN]: Can't keep up! Is the server overloaded? Running 4392ms or 87 ticks behind
[20:41:26] [Server thread/WARN]: Can't keep up! Is the server overloaded? Running 3569ms or 71 ticks behind
[20:41:48] [Server thread/WARN]: Can't keep up! Is the server overloaded? Running 6213ms or 124 ticks behind
[20:42:12] [Server thread/WARN]: Can't keep up! Is the server overloaded? Running 2048ms or 40 ticks behind
[20:42:42] [Server thread/WARN]: Can't keep up! Is the server overloaded? Running 2008ms or 40 ticks behind
[20:43:39] [Server thread/WARN]: Can't keep up! Is the server overloaded? Running 2083ms or 41 ticks behind
[20:43:43] [Server thread/WARN]: Warlockami moved wrongly!
[20:44:16] [Server thread/WARN]: Can't keep up! Is the server overloaded? Running 2013ms or 40 ticks behind
[20:45:24] [Server thread/WARN]: Can't keep up! Is the server overloaded? Running 2296ms or 45 ticks behind
[20:46:56] [Server thread/INFO]: Warlockami has made the advancement [What a Deal!]
[20:49:18] [Server thread/WARN]: Can't keep up! Is the server overloaded? Running 2024ms or 40 ticks behind
[20:50:28] [Server thread/WARN]: Boat (vehicle of Warlockami) moved too quickly! 3.115025615209561,0.0,9.713641649561396
[20:50:28] [Server thread/WARN]: Boat (vehicle of Warlockami) moved too quickly! 3.290890210729799,0.0,10.068640474841231
[20:50:28] [Server thread/WARN]: Boat (vehicle of Warlockami) moved too quickly! 3.4719397047203984,0.0,10.421022859518416
[20:50:28] [Server thread/WARN]: Boat (vehicle of Warlockami) moved too quickly! 3.6579761069735923,0.0,10.770826166612096
[20:50:28] [Server thread/WARN]: Boat (vehicle of Warlockami) moved too quickly! 3.849350655250987,0.0,11.11769041239313
[20:50:28] [Server thread/WARN]: Boat (vehicle of Warlockami) moved too quickly! 4.046823886937204,0.0,11.460900253003274
[20:50:28] [Server thread/WARN]: Boat (vehicle of Warlockami) moved too quickly! 4.251437712363099,0.0,11.799401378073526
[20:50:28] [Server thread/WARN]: Boat (vehicle of Warlockami) moved too quickly! 4.463896107461892,0.0,12.132312235466088
[20:50:28] [Server thread/WARN]: Boat (vehicle of Warlockami) moved too quickly! 4.684633122145556,0.0,12.458916312685687
[20:50:28] [Server thread/WARN]: Boat (vehicle of Warlockami) moved too quickly! 4.913868525983958,0.0,12.778651360538788
[20:50:28] [Server thread/WARN]: Boat (vehicle of Warlockami) moved too quickly! 5.151655164264412,0.0,13.091094652256288
[20:50:28] [Server thread/WARN]: Boat (vehicle of Warlockami) moved too quickly! 5.397914364419989,0.0,13.395951834529114
[20:50:28] [Server thread/WARN]: Boat (vehicle of Warlockami) moved too quickly! 5.65247034618676,0.0,13.693037867058592
[20:50:32] [Server thread/WARN]: Can't keep up! Is the server overloaded? Running 2001ms or 40 ticks behind
[20:50:34] [Server thread/WARN]: Warlockami moved wrongly!
[20:50:58] [Server thread/INFO]: Jamkski has made the advancement [Ice Bucket Challenge]
[20:52:50] [Server thread/INFO]: Warlockami has made the advancement [Suit Up]
[20:55:30] [Server thread/WARN]: Can't keep up! Is the server overloaded? Running 2104ms or 42 ticks behind
[21:05:32] [Server thread/WARN]: Boat (vehicle of Warlockami) moved too quickly! 0.9681764074248349,0.0,10.087291739495413
[21:05:32] [Server thread/WARN]: Boat (vehicle of Warlockami) moved too quickly! 1.0603799392999917,0.0,10.473411204939111
[21:05:32] [Server thread/WARN]: Boat (vehicle of Warlockami) moved too quickly! 1.155209151508302,0.0,10.85912322439799
[21:05:32] [Server thread/WARN]: Boat (vehicle of Warlockami) moved too quickly! 1.2524930137869887,0.0,11.244440032833154
[21:05:32] [Server thread/WARN]: Boat (vehicle of Warlockami) moved too quickly! 1.352066559005948,0.0,11.629375878987048
[21:05:32] [Server thread/WARN]: Boat (vehicle of Warlockami) moved too quickly! 1.4537739518530088,0.0,12.013945736220194
[21:05:32] [Server thread/WARN]: Boat (vehicle of Warlockami) moved too quickly! 1.557467589621865,0.0,12.398165274751591
[21:05:32] [Server thread/WARN]: Boat (vehicle of Warlockami) moved too quickly! 1.6630109418431402,0.0,12.782049655761512
[21:05:32] [Server thread/WARN]: Boat (vehicle of Warlockami) moved too quickly! 1.770270148941563,0.0,13.16561595530402
[21:05:32] [Server thread/WARN]: Boat (vehicle of Warlockami) moved too quickly! 1.8791247149511037,0.0,13.548879474772548
[21:05:32] [Server thread/WARN]: Boat (vehicle of Warlockami) moved too quickly! 1.9894552309069695,0.0,13.931857472292904
[21:05:32] [Server thread/WARN]: Can't keep up! Is the server overloaded? Running 2052ms or 41 ticks behind
[21:06:45] [Server thread/WARN]: Can't keep up! Is the server overloaded? Running 2007ms or 40 ticks behind
[21:08:45] [Server thread/WARN]: Can't keep up! Is the server overloaded? Running 2023ms or 40 ticks behind
[21:10:39] [Server thread/WARN]: Warlockami moved too quickly! 2.0258460837883376,2.249187078744683,9.762263060214536
[21:10:39] [Server thread/WARN]: Can't keep up! Is the server overloaded? Running 2516ms or 50 ticks behind
[21:19:37] [Server thread/INFO]: Warlockami lost connection: Disconnected
[21:19:37] [Server thread/INFO]: Warlockami left the game
[21:19:46] [User Authenticator #7/INFO]: UUID of player Warlockami is 7b9a1917-39e7-4d6a-ba97-adadae96cf90
[21:19:47] [Server thread/INFO]: Warlockami[/173.31.253.253:64450] logged in with entity id 61703 at (800.7027304199246, 62.07314084987535, 13267.872609497204)
[21:19:47] [Server thread/INFO]: Warlockami joined the game
[21:20:42] [Server thread/WARN]: Boat (vehicle of Warlockami) moved too quickly! 1.019377986936206,0.0,10.34991807345068
[21:20:42] [Server thread/WARN]: Boat (vehicle of Warlockami) moved too quickly! 1.0585848325875986,0.0,10.747991845506476
[21:20:42] [Server thread/WARN]: Boat (vehicle of Warlockami) moved too quickly! 1.0977916782389912,0.0,11.146065617562272
[21:20:42] [Server thread/WARN]: Can't keep up! Is the server overloaded? Running 3073ms or 61 ticks behind
[21:21:01] [Server thread/WARN]: Can't keep up! Is the server overloaded? Running 4597ms or 91 ticks behind
[21:21:32] [Server thread/WARN]: Can't keep up! Is the server overloaded? Running 2043ms or 40 ticks behind
[21:27:36] [Server thread/INFO]: Warlockami lost connection: Disconnected
[21:27:36] [Server thread/INFO]: Warlockami left the game
[21:35:44] [Server thread/INFO]: Jamkski has made the advancement [Cover Me With Diamonds]
[21:37:22] [Server thread/INFO]: Jamkski lost connection: Disconnected
[21:37:22] [Server thread/INFO]: Jamkski left the game
